<?xml version="1.0" encoding="UTF-8"?>
<!-- Generated by org.testng.reporters.JUnitReportReporter -->
<testsuite hostname="DESKTOP-L8PP70A" name="com.hdfc_insurance_project.script.VerfyhomePageTitle" tests="1" failures="0" timestamp="10 Sep 2019 08:34:20 GMT" time="14.326" errors="0">
  <testcase name="verfyHomePageTitle" time="14.326" classname="com.hdfc_insurance_project.script.VerfyhomePageTitle"/>
</testsuite> <!-- com.hdfc_insurance_project.script.VerfyhomePageTitle -->
