<?xml version="1.0" encoding="UTF-8"?>
<!-- Generated by org.testng.reporters.JUnitReportReporter -->
<testsuite skipped="0" hostname="Tyss-SR-021" name="tests.TC002" tests="1" failures="0" timestamp="2020-06-10T16:43:29 IST" time="28.527" errors="0">
  <testcase name="invalidLogin" time="28.527" classname="tests.TC002"/>
  <system-out/>
</testsuite> <!-- tests.TC002 -->
